


ARM Macro Assembler    Page 1 


    1 00000000         ; <<< Use Configuration Wizard in Context Menu >>>
    2 00000000         ;*******************************************************
                       ***********************
    3 00000000         ;
    4 00000000         ; startup_rvmdk.S - Startup code for use with Keil's uVi
                       sion.
    5 00000000         ;
    6 00000000         ; Copyright (c) 2005-2011 Texas Instruments Incorporated
                       .  All rights reserved.
    7 00000000         ; Software License Agreement
    8 00000000         ; 
    9 00000000         ; Texas Instruments (TI) is supplying this software for 
                       use solely and
   10 00000000         ; exclusively on TI's microcontroller products. The soft
                       ware is owned by
   11 00000000         ; TI and/or its suppliers, and is protected under applic
                       able copyright
   12 00000000         ; laws. You may not combine this software with "viral" o
                       pen-source
   13 00000000         ; software in order to form a larger program.
   14 00000000         ; 
   15 00000000         ; THIS SOFTWARE IS PROVIDED "AS IS" AND WITH ALL FAULTS.
                       
   16 00000000         ; NO WARRANTIES, WHETHER EXPRESS, IMPLIED OR STATUTORY, 
                       INCLUDING, BUT
   17 00000000         ; NOT LIMITED TO, IMPLIED WARRANTIES OF MERCHANTABILITY 
                       AND FITNESS FOR
   18 00000000         ; A PARTICULAR PURPOSE APPLY TO THIS SOFTWARE. TI SHALL 
                       NOT, UNDER ANY
   19 00000000         ; CIRCUMSTANCES, BE LIABLE FOR SPECIAL, INCIDENTAL, OR C
                       ONSEQUENTIAL
   20 00000000         ; DAMAGES, FOR ANY REASON WHATSOEVER.
   21 00000000         ; 
   22 00000000         ; This is part of revision 8264 of the EK-LM3S1968 Firmw
                       are Package.
   23 00000000         ;
   24 00000000         ;*******************************************************
                       ***********************
   25 00000000         
   26 00000000         ;*******************************************************
                       ***********************
   27 00000000         ;
   28 00000000         ; <o> Stack Size (in Bytes) <0x0-0xFFFFFFFF:8>
   29 00000000         ;
   30 00000000         ;*******************************************************
                       ***********************
   31 00000000 00001000 
                       Stack   EQU              0x00001000
   32 00000000         
   33 00000000         ;*******************************************************
                       ***********************
   34 00000000         ;
   35 00000000         ; <o> Heap Size (in Bytes) <0x0-0xFFFFFFFF:8>
   36 00000000         ;
   37 00000000         ;*******************************************************
                       ***********************
   38 00000000 00001000 
                       Heap    EQU              0x00001000
   39 00000000         



ARM Macro Assembler    Page 2 


   40 00000000         ;*******************************************************
                       ***********************
   41 00000000         ;
   42 00000000         ; Allocate space for the stack.
   43 00000000         ;
   44 00000000         ;*******************************************************
                       ***********************
   45 00000000                 AREA             STACK, NOINIT, READWRITE, ALIGN
=3
   46 00000000         StackMem
   47 00000000                 SPACE            Stack
   48 00001000         __initial_sp
   49 00001000         
   50 00001000         ;*******************************************************
                       ***********************
   51 00001000         ;
   52 00001000         ; Allocate space for the heap.
   53 00001000         ;
   54 00001000         ;*******************************************************
                       ***********************
   55 00001000                 AREA             HEAP, NOINIT, READWRITE, ALIGN=
3
   56 00000000         __heap_base
   57 00000000         HeapMem
   58 00000000                 SPACE            Heap
   59 00001000         __heap_limit
   60 00001000         
   61 00001000         ;*******************************************************
                       ***********************
   62 00001000         ;
   63 00001000         ; Indicate that the code in this file preserves 8-byte a
                       lignment of the stack.
   64 00001000         ;
   65 00001000         ;*******************************************************
                       ***********************
   66 00001000                 PRESERVE8
   67 00001000         
   68 00001000         ;*******************************************************
                       ***********************
   69 00001000         ;
   70 00001000         ; Place code into the reset code section.
   71 00001000         ;
   72 00001000         ;*******************************************************
                       ***********************
   73 00001000                 AREA             RESET, CODE, READONLY
   74 00000000                 THUMB
   75 00000000         
   76 00000000         ;*******************************************************
                       ***********************
   77 00000000         ;
   78 00000000         ; External declaration for the interrupt handler used by
                        the application.
   79 00000000         ;
   80 00000000         ;*******************************************************
                       ***********************
   81 00000000         
   82 00000000                 EXTERN           TIMERAIntHandler
   83 00000000                 EXTERN           SYSTICKIntHandler
   84 00000000                 EXTERN           UART2IntHandler



ARM Macro Assembler    Page 3 


   85 00000000                 EXTERN           UART5IntHandler
   86 00000000         
   87 00000000         ;*******************************************************
                       ***********************
   88 00000000         ;
   89 00000000         ; The vector table.
   90 00000000         ;
   91 00000000         ;*******************************************************
                       ***********************
   92 00000000                 EXPORT           __Vectors
   93 00000000 00000000 
                       __Vectors
                               DCD              __initial_sp ; Top of Stack
   94 00000004 00000000        DCD              Reset_Handler ; Reset Handler
   95 00000008 00000000        DCD              NmiSR       ; NMI Handler
   96 0000000C 00000000        DCD              FaultISR    ; Hard Fault Handle
                                                            r
   97 00000010 00000000        DCD              IntDefaultHandler 
                                                            ; MPU Fault Handler
                                                            
   98 00000014 00000000        DCD              IntDefaultHandler 
                                                            ; Bus Fault Handler
                                                            
   99 00000018 00000000        DCD              IntDefaultHandler ; Usage Fault
                                                             Handler
  100 0000001C 00000000        DCD              0           ; Reserved
  101 00000020 00000000        DCD              0           ; Reserved
  102 00000024 00000000        DCD              0           ; Reserved
  103 00000028 00000000        DCD              0           ; Reserved
  104 0000002C 00000000        DCD              IntDefaultHandler 
                                                            ; SVCall Handler
  105 00000030 00000000        DCD              IntDefaultHandler ; Debug Monit
                                                            or Handler
  106 00000034 00000000        DCD              0           ; Reserved
  107 00000038 00000000        DCD              IntDefaultHandler 
                                                            ; PendSV Handler
  108 0000003C 00000000        DCD              SYSTICKIntHandler 
                                                            ; SysTick Handler
  109 00000040         
  110 00000040         ; External Interrupts
  111 00000040         
  112 00000040 00000000        DCD              IntDefaultHandler 
                                                            ;   0: GPIO Port A
  113 00000044 00000000        DCD              IntDefaultHandler 
                                                            ;   1: GPIO Port B
  114 00000048 00000000        DCD              IntDefaultHandler 
                                                            ;   2: GPIO Port C
  115 0000004C 00000000        DCD              IntDefaultHandler 
                                                            ;   3: GPIO Port D
  116 00000050 00000000        DCD              IntDefaultHandler 
                                                            ;   4: GPIO Port E
  117 00000054 00000000        DCD              IntDefaultHandler ;   5: UART0 
                                                            Rx and Tx
  118 00000058 00000000        DCD              IntDefaultHandler ;   6: UART1 
                                                            Rx and Tx
  119 0000005C 00000000        DCD              IntDefaultHandler ;   7: SSI0 R
                                                            x and Tx
  120 00000060 00000000        DCD              IntDefaultHandler ;   8: I2C0 M
                                                            aster and Slave



ARM Macro Assembler    Page 4 


  121 00000064 00000000        DCD              IntDefaultHandler 
                                                            ;   9: PWM Fault
  122 00000068 00000000        DCD              IntDefaultHandler ;  10: PWM Ge
                                                            nerator 0
  123 0000006C 00000000        DCD              IntDefaultHandler ;  11: PWM Ge
                                                            nerator 1
  124 00000070 00000000        DCD              IntDefaultHandler ;  12: PWM Ge
                                                            nerator 2
  125 00000074 00000000        DCD              IntDefaultHandler ;  13: Quadra
                                                            ture Encoder 0
  126 00000078 00000000        DCD              IntDefaultHandler ;  14: ADC Se
                                                            quence 0
  127 0000007C 00000000        DCD              IntDefaultHandler ;  15: ADC Se
                                                            quence 1
  128 00000080 00000000        DCD              IntDefaultHandler ;  16: ADC Se
                                                            quence 2
  129 00000084 00000000        DCD              IntDefaultHandler ;  17: ADC Se
                                                            quence 3
  130 00000088 00000000        DCD              IntDefaultHandler ;  18: Watchd
                                                            og timer
  131 0000008C 00000000        DCD              TIMERAIntHandler ;  19: Timer 0
                                                             subtimer A
  132 00000090 00000000        DCD              IntDefaultHandler ;  20: Timer 
                                                            0 subtimer B
  133 00000094 00000000        DCD              IntDefaultHandler ;  21: Timer 
                                                            1 subtimer A
  134 00000098 00000000        DCD              IntDefaultHandler ;  22: Timer 
                                                            1 subtimer B
  135 0000009C 00000000        DCD              IntDefaultHandler ;  23: Timer 
                                                            2 subtimer A
  136 000000A0 00000000        DCD              IntDefaultHandler ;  24: Timer 
                                                            2 subtimer B
  137 000000A4 00000000        DCD              IntDefaultHandler ;  25: Analog
                                                             Comparator 0
  138 000000A8 00000000        DCD              IntDefaultHandler ;  26: Analog
                                                             Comparator 1
  139 000000AC 00000000        DCD              IntDefaultHandler ;  27: Analog
                                                             Comparator 2
  140 000000B0 00000000        DCD              IntDefaultHandler ;  28: System
                                                             Control (PLL, OSC,
                                                             BO)
  141 000000B4 00000000        DCD              IntDefaultHandler ;  29: FLASH 
                                                            Control
  142 000000B8 00000000        DCD              IntDefaultHandler 
                                                            ;  30: GPIO Port F
  143 000000BC 00000000        DCD              IntDefaultHandler 
                                                            ;  31: GPIO Port G
  144 000000C0 00000000        DCD              IntDefaultHandler 
                                                            ;  32: GPIO Port H
  145 000000C4 00000000        DCD              UART2IntHandler ;  33: UART2 Rx
                                                             and Tx
  146 000000C8 00000000        DCD              IntDefaultHandler ;  34: SSI1 R
                                                            x and Tx
  147 000000CC 00000000        DCD              IntDefaultHandler ;  35: Timer 
                                                            3 subtimer A
  148 000000D0 00000000        DCD              IntDefaultHandler ;  36: Timer 
                                                            3 subtimer B
  149 000000D4 00000000        DCD              IntDefaultHandler ;  37: I2C1 M
                                                            aster and Slave



ARM Macro Assembler    Page 5 


  150 000000D8 00000000        DCD              IntDefaultHandler ;  38: Quadra
                                                            ture Encoder 1
  151 000000DC 00000000        DCD              IntDefaultHandler ;  39: CAN0
  152 000000E0 00000000        DCD              IntDefaultHandler ;  40: CAN1
  153 000000E4 00000000        DCD              IntDefaultHandler ;  41: CAN2
  154 000000E8 00000000        DCD              0           ;  42: Reserved
  155 000000EC 00000000        DCD              IntDefaultHandler 
                                                            ;  43: Hibernate
  156 000000F0 00000000        DCD              IntDefaultHandler ;  44: USB0
  157 000000F4 00000000        DCD              IntDefaultHandler ;  45: PWM Ge
                                                            nerator 3
  158 000000F8 00000000        DCD              IntDefaultHandler ;  46: uDMA S
                                                            oftware Transfer
  159 000000FC 00000000        DCD              IntDefaultHandler 
                                                            ;  47: uDMA Error
  160 00000100 00000000        DCD              IntDefaultHandler ;  48: ADC1 S
                                                            equence 0
  161 00000104 00000000        DCD              IntDefaultHandler ;  49: ADC1 S
                                                            equence 1
  162 00000108 00000000        DCD              IntDefaultHandler ;  50: ADC1 S
                                                            equence 2
  163 0000010C 00000000        DCD              IntDefaultHandler ;  51: ADC1 S
                                                            equence 3
  164 00000110 00000000        DCD              0           ;  52: Reserved
  165 00000114 00000000        DCD              0           ;  53: Reserved
  166 00000118 00000000        DCD              IntDefaultHandler 
                                                            ;  54: GPIO Port J
  167 0000011C 00000000        DCD              IntDefaultHandler 
                                                            ;  55: GPIO Port K
  168 00000120 00000000        DCD              IntDefaultHandler 
                                                            ;  56: GPIO Port L
  169 00000124 00000000        DCD              IntDefaultHandler ;  57: SSI2 R
                                                            x and Tx
  170 00000128 00000000        DCD              IntDefaultHandler ;  58: SSI3 R
                                                            x and Tx
  171 0000012C 00000000        DCD              IntDefaultHandler ;  59: UART3 
                                                            Rx and Tx
  172 00000130 00000000        DCD              IntDefaultHandler ;  60: UART4 
                                                            Rx and Tx
  173 00000134 00000000        DCD              UART5IntHandler ;  61: UART5 Rx
                                                             and Tx
  174 00000138 00000000        DCD              IntDefaultHandler ;  62: UART6 
                                                            Rx and Tx
  175 0000013C 00000000        DCD              IntDefaultHandler ;  63: UART7 
                                                            Rx and Tx
  176 00000140 00000000        DCD              0           ;  64: Reserved
  177 00000144 00000000        DCD              0           ;  65: Reserved
  178 00000148 00000000        DCD              0           ;  66: Reserved
  179 0000014C 00000000        DCD              0           ;  67: Reserved
  180 00000150 00000000        DCD              IntDefaultHandler ;  68: I2C2 M
                                                            aster and Slave
  181 00000154 00000000        DCD              IntDefaultHandler ;  69: I2C3 M
                                                            aster and Slave
  182 00000158 00000000        DCD              IntDefaultHandler ;  70: Timer 
                                                            4 subtimer A
  183 0000015C 00000000        DCD              IntDefaultHandler ;  71: Timer 
                                                            4 subtimer B
  184 00000160 00000000        DCD              0           ;  72: Reserved
  185 00000164 00000000        DCD              0           ;  73: Reserved



ARM Macro Assembler    Page 6 


  186 00000168 00000000        DCD              0           ;  74: Reserved
  187 0000016C 00000000        DCD              0           ;  75: Reserved
  188 00000170 00000000        DCD              0           ;  76: Reserved
  189 00000174 00000000        DCD              0           ;  77: Reserved
  190 00000178 00000000        DCD              0           ;  78: Reserved
  191 0000017C 00000000        DCD              0           ;  79: Reserved
  192 00000180 00000000        DCD              0           ;  80: Reserved
  193 00000184 00000000        DCD              0           ;  81: Reserved
  194 00000188 00000000        DCD              0           ;  82: Reserved
  195 0000018C 00000000        DCD              0           ;  83: Reserved
  196 00000190 00000000        DCD              0           ;  84: Reserved
  197 00000194 00000000        DCD              0           ;  85: Reserved
  198 00000198 00000000        DCD              0           ;  86: Reserved
  199 0000019C 00000000        DCD              0           ;  87: Reserved
  200 000001A0 00000000        DCD              0           ;  88: Reserved
  201 000001A4 00000000        DCD              0           ;  89: Reserved
  202 000001A8 00000000        DCD              0           ;  90: Reserved
  203 000001AC 00000000        DCD              0           ;  91: Reserved
  204 000001B0 00000000        DCD              IntDefaultHandler ;  92: Timer 
                                                            5 subtimer A
  205 000001B4 00000000        DCD              IntDefaultHandler ;  93: Timer 
                                                            5 subtimer B
  206 000001B8 00000000        DCD              IntDefaultHandler ;  94: Wide T
                                                            imer 0 subtimer A
  207 000001BC 00000000        DCD              IntDefaultHandler ;  95: Wide T
                                                            imer 0 subtimer B
  208 000001C0 00000000        DCD              IntDefaultHandler ;  96: Wide T
                                                            imer 1 subtimer A
  209 000001C4 00000000        DCD              IntDefaultHandler ;  97: Wide T
                                                            imer 1 subtimer B
  210 000001C8 00000000        DCD              IntDefaultHandler ;  98: Wide T
                                                            imer 2 subtimer A
  211 000001CC 00000000        DCD              IntDefaultHandler ;  99: Wide T
                                                            imer 2 subtimer B
  212 000001D0 00000000        DCD              IntDefaultHandler ; 100: Wide T
                                                            imer 3 subtimer A
  213 000001D4 00000000        DCD              IntDefaultHandler ; 101: Wide T
                                                            imer 3 subtimer B
  214 000001D8 00000000        DCD              IntDefaultHandler ; 102: Wide T
                                                            imer 4 subtimer A
  215 000001DC 00000000        DCD              IntDefaultHandler ; 103: Wide T
                                                            imer 4 subtimer B
  216 000001E0 00000000        DCD              IntDefaultHandler ; 104: Wide T
                                                            imer 5 subtimer A
  217 000001E4 00000000        DCD              IntDefaultHandler ; 105: Wide T
                                                            imer 5 subtimer B
  218 000001E8 00000000        DCD              IntDefaultHandler ; 106: FPU
  219 000001EC 00000000        DCD              0           ; 107: Reserved
  220 000001F0 00000000        DCD              0           ; 108: Reserved
  221 000001F4 00000000        DCD              IntDefaultHandler ; 109: I2C4 M
                                                            aster and Slave
  222 000001F8 00000000        DCD              IntDefaultHandler ; 110: I2C5 M
                                                            aster and Slave
  223 000001FC 00000000        DCD              IntDefaultHandler 
                                                            ; 111: GPIO Port M
  224 00000200 00000000        DCD              IntDefaultHandler 
                                                            ; 112: GPIO Port N
  225 00000204 00000000        DCD              IntDefaultHandler ; 113: Quadra
                                                            ture Encoder 2



ARM Macro Assembler    Page 7 


  226 00000208 00000000        DCD              0           ; 114: Reserved
  227 0000020C 00000000        DCD              0           ; 115: Reserved
  228 00000210 00000000        DCD              IntDefaultHandler ; 116: GPIO P
                                                            ort P (Summary or P
                                                            0)
  229 00000214 00000000        DCD              IntDefaultHandler 
                                                            ; 117: GPIO Port P1
                                                            
  230 00000218 00000000        DCD              IntDefaultHandler 
                                                            ; 118: GPIO Port P2
                                                            
  231 0000021C 00000000        DCD              IntDefaultHandler 
                                                            ; 119: GPIO Port P3
                                                            
  232 00000220 00000000        DCD              IntDefaultHandler 
                                                            ; 120: GPIO Port P4
                                                            
  233 00000224 00000000        DCD              IntDefaultHandler 
                                                            ; 121: GPIO Port P5
                                                            
  234 00000228 00000000        DCD              IntDefaultHandler 
                                                            ; 122: GPIO Port P6
                                                            
  235 0000022C 00000000        DCD              IntDefaultHandler 
                                                            ; 123: GPIO Port P7
                                                            
  236 00000230 00000000        DCD              IntDefaultHandler ; 124: GPIO P
                                                            ort Q (Summary or Q
                                                            0)
  237 00000234 00000000        DCD              IntDefaultHandler 
                                                            ; 125: GPIO Port Q1
                                                            
  238 00000238 00000000        DCD              IntDefaultHandler 
                                                            ; 126: GPIO Port Q2
                                                            
  239 0000023C 00000000        DCD              IntDefaultHandler 
                                                            ; 127: GPIO Port Q3
                                                            
  240 00000240 00000000        DCD              IntDefaultHandler 
                                                            ; 128: GPIO Port Q4
                                                            
  241 00000244 00000000        DCD              IntDefaultHandler 
                                                            ; 129: GPIO Port Q5
                                                            
  242 00000248 00000000        DCD              IntDefaultHandler 
                                                            ; 130: GPIO Port Q6
                                                            
  243 0000024C 00000000        DCD              IntDefaultHandler 
                                                            ; 131: GPIO Port Q7
                                                            
  244 00000250 00000000        DCD              IntDefaultHandler 
                                                            ; 132: GPIO Port R
  245 00000254 00000000        DCD              IntDefaultHandler 
                                                            ; 133: GPIO Port S
  246 00000258 00000000        DCD              IntDefaultHandler ; 134: PWM 1 
                                                            Generator 0
  247 0000025C 00000000        DCD              IntDefaultHandler ; 135: PWM 1 
                                                            Generator 1
  248 00000260 00000000        DCD              IntDefaultHandler ; 136: PWM 1 



ARM Macro Assembler    Page 8 


                                                            Generator 2
  249 00000264 00000000        DCD              IntDefaultHandler ; 137: PWM 1 
                                                            Generator 3
  250 00000268 00000000        DCD              IntDefaultHandler 
                                                            ; 138: PWM 1 Fault
  251 0000026C         
  252 0000026C         __Vectors_End
  253 0000026C         
  254 0000026C         ;*******************************************************
                       ***********************
  255 0000026C         ;
  256 0000026C         ; This is the code that gets called when the processor f
                       irst starts execution
  257 0000026C         ; following a reset event.
  258 0000026C         ;
  259 0000026C         ;*******************************************************
                       ***********************
  260 0000026C                 EXPORT           Reset_Handler
  261 0000026C         Reset_Handler
  262 0000026C         ;
  263 0000026C         ; Call the C library enty point that handles startup.  T
                       his will copy
  264 0000026C         ; the .data section initializers from flash to SRAM and 
                       zero fill the
  265 0000026C         ; .bss section.
  266 0000026C         ;
  267 0000026C                 IMPORT           __main
  268 0000026C F7FF BFFE       B                __main
  269 00000270         
  270 00000270         ;*******************************************************
                       ***********************
  271 00000270         ;
  272 00000270         ; This is the code that gets called when the processor r
                       eceives a NMI.  This
  273 00000270         ; simply enters an infinite loop, preserving the system 
                       state for examination
  274 00000270         ; by a debugger.
  275 00000270         ;
  276 00000270         ;*******************************************************
                       ***********************
  277 00000270         NmiSR
  278 00000270 E7FE            B                NmiSR
  279 00000272         
  280 00000272         ;*******************************************************
                       ***********************
  281 00000272         ;
  282 00000272         ; This is the code that gets called when the processor r
                       eceives a fault
  283 00000272         ; interrupt.  This simply enters an infinite loop, prese
                       rving the system state
  284 00000272         ; for examination by a debugger.
  285 00000272         ;
  286 00000272         ;*******************************************************
                       ***********************
  287 00000272         FaultISR
  288 00000272 E7FE            B                FaultISR
  289 00000274         
  290 00000274         ;*******************************************************
                       ***********************



ARM Macro Assembler    Page 9 


  291 00000274         ;
  292 00000274         ; This is the code that gets called when the processor r
                       eceives an unexpected
  293 00000274         ; interrupt.  This simply enters an infinite loop, prese
                       rving the system state
  294 00000274         ; for examination by a debugger.
  295 00000274         ;
  296 00000274         ;*******************************************************
                       ***********************
  297 00000274         IntDefaultHandler
  298 00000274 E7FE            B                IntDefaultHandler
  299 00000276         
  300 00000276         ;*******************************************************
                       ***********************
  301 00000276         ;
  302 00000276         ; Make sure the end of this section is aligned.
  303 00000276         ;
  304 00000276         ;*******************************************************
                       ***********************
  305 00000276 00 00           ALIGN
  306 00000278         
  307 00000278         ;*******************************************************
                       ***********************
  308 00000278         ;
  309 00000278         ; Some code in the normal code section for initializing 
                       the heap and stack.
  310 00000278         ;
  311 00000278         ;*******************************************************
                       ***********************
  312 00000278                 AREA             |.text|, CODE, READONLY
  313 00000000         
  314 00000000         
  315 00000000         ;*******************************************************
                       ***********************
  316 00000000         ;
  317 00000000         ; Useful functions.
  318 00000000         ;
  319 00000000         ;*******************************************************
                       ***********************
  320 00000000                 EXPORT           DisableInterrupts
  321 00000000                 EXPORT           EnableInterrupts
  322 00000000                 EXPORT           StartCritical
  323 00000000                 EXPORT           EndCritical
  324 00000000                 EXPORT           WaitForInterrupt
  325 00000000         
  326 00000000         ;*********** DisableInterrupts ***************
  327 00000000         ; disable interrupts
  328 00000000         ; inputs:  none
  329 00000000         ; outputs: none
  330 00000000         DisableInterrupts
  331 00000000 B672            CPSID            I
  332 00000002 4770            BX               LR
  333 00000004         
  334 00000004         ;*********** EnableInterrupts ***************
  335 00000004         ; disable interrupts
  336 00000004         ; inputs:  none
  337 00000004         ; outputs: none
  338 00000004         EnableInterrupts
  339 00000004 B662            CPSIE            I



ARM Macro Assembler    Page 10 


  340 00000006 4770            BX               LR
  341 00000008         
  342 00000008         ;*********** StartCritical ************************
  343 00000008         ; make a copy of previous I bit, disable interrupts
  344 00000008         ; inputs:  none
  345 00000008         ; outputs: previous I bit
  346 00000008         StartCritical
  347 00000008 F3EF 8010       MRS              R0, PRIMASK ; save old status
  348 0000000C B672            CPSID            I           ; mask all (except 
                                                            faults)
  349 0000000E 4770            BX               LR
  350 00000010         
  351 00000010         ;*********** EndCritical ************************
  352 00000010         ; using the copy of previous I bit, restore I bit to pre
                       vious value
  353 00000010         ; inputs:  previous I bit
  354 00000010         ; outputs: none
  355 00000010         EndCritical
  356 00000010 F380 8810       MSR              PRIMASK, R0
  357 00000014 4770            BX               LR
  358 00000016         
  359 00000016         ;*********** WaitForInterrupt ************************
  360 00000016         ; go to low power mode while waiting for the next interr
                       upt
  361 00000016         ; inputs:  none
  362 00000016         ; outputs: none
  363 00000016         WaitForInterrupt
  364 00000016 BF30            WFI
  365 00000018 4770            BX               LR
  366 0000001A         
  367 0000001A                 EXPORT           getHeapBase
  368 0000001A                 EXPORT           getStackBase
  369 0000001A                 EXPORT           getHeapSize
  370 0000001A         
  371 0000001A         ;*******************************************************
                       ***********************
  372 0000001A         ; Returns the address of the heap base
  373 0000001A         ;*******************************************************
                       ***********************
  374 0000001A         getHeapBase
  375 0000001A F240 0000 
              F2C0 0000        MOV32            R0, __heap_base
  376 00000022 4770            BX               LR
  377 00000024         
  378 00000024         ;*******************************************************
                       ***********************
  379 00000024         ; Returns the address of the heap base
  380 00000024         ;*******************************************************
                       ***********************
  381 00000024         getHeapSize
  382 00000024 F240 0000 
              F2C0 0000        MOV32            R0, __heap_base
  383 0000002C F240 0100 
              F2C0 0100        MOV32            R1, __heap_limit
  384 00000034 EBA1 0000       SUB              R0, R1, R0
  385 00000038 4770            BX               LR
  386 0000003A         
  387 0000003A         ;*******************************************************
                       ***********************



ARM Macro Assembler    Page 11 


  388 0000003A         ; Returns the address of the heap base
  389 0000003A         ;*******************************************************
                       ***********************
  390 0000003A         getStackBase
  391 0000003A F240 0000 
              F2C0 0000        MOV32            R0, StackMem
  392 00000042 4770            BX               LR
  393 00000044         
  394 00000044         ;*******************************************************
                       ***********************
  395 00000044         ;
  396 00000044         ; The function expected of the C library startup code fo
                       r defining the stack
  397 00000044         ; and heap memory locations.  For the C library version 
                       of the startup code,
  398 00000044         ; provide this function so that the C library initializa
                       tion code can find out
  399 00000044         ; the location of the stack and heap.
  400 00000044         ;
  401 00000044         ;*******************************************************
                       ***********************
  402 00000044                 IF               :DEF: __MICROLIB
  403 00000044                 EXPORT           __initial_sp
  404 00000044                 EXPORT           __heap_base
  405 00000044                 EXPORT           __heap_limit
  406 00000044                 ELSE
  415                          ENDIF
  416 00000044         
  417 00000044         ;*******************************************************
                       ***********************
  418 00000044         ;
  419 00000044         ; Make sure the end of this section is aligned.
  420 00000044         ;
  421 00000044         ;*******************************************************
                       ***********************
  422 00000044                 ALIGN
  423 00000044         
  424 00000044         ;*******************************************************
                       ***********************
  425 00000044         ;
  426 00000044         ; Tell the assembler that we're done.
  427 00000044         ;
  428 00000044         ;*******************************************************
                       ***********************
  429 00000044                 END
Command Line: --debug --xref --cpu=Cortex-M4 --apcs=interwork --depend=.\startu
p.d -o.\startup.o -IC:\Keil\ARM\RV31\INC -IC:\Keil\ARM\PACK\ARM\CMSIS\3.20.4\CM
SIS\Include -IC:\Keil\ARM\Inc\Luminary --predefine="__EVAL SETA 1" --predefine=
"__MICROLIB SETA 1" --list=.\startup.lst Startup.s



ARM Macro Assembler    Page 1 Alphabetic symbol ordering
Relocatable symbols

STACK 00000000

Symbol: STACK
   Definitions
      At line 45 in file Startup.s
   Uses
      None
Comment: STACK unused
StackMem 00000000

Symbol: StackMem
   Definitions
      At line 46 in file Startup.s
   Uses
      At line 391 in file Startup.s
Comment: StackMem used once
__initial_sp 00001000

Symbol: __initial_sp
   Definitions
      At line 48 in file Startup.s
   Uses
      At line 93 in file Startup.s
      At line 403 in file Startup.s

3 symbols



ARM Macro Assembler    Page 1 Alphabetic symbol ordering
Relocatable symbols

HEAP 00000000

Symbol: HEAP
   Definitions
      At line 55 in file Startup.s
   Uses
      None
Comment: HEAP unused
HeapMem 00000000

Symbol: HeapMem
   Definitions
      At line 57 in file Startup.s
   Uses
      None
Comment: HeapMem unused
__heap_base 00000000

Symbol: __heap_base
   Definitions
      At line 56 in file Startup.s
   Uses
      At line 375 in file Startup.s
      At line 382 in file Startup.s
      At line 404 in file Startup.s

__heap_limit 00001000

Symbol: __heap_limit
   Definitions
      At line 59 in file Startup.s
   Uses
      At line 383 in file Startup.s
      At line 405 in file Startup.s

4 symbols



ARM Macro Assembler    Page 1 Alphabetic symbol ordering
Relocatable symbols

FaultISR 00000272

Symbol: FaultISR
   Definitions
      At line 287 in file Startup.s
   Uses
      At line 96 in file Startup.s
      At line 288 in file Startup.s

IntDefaultHandler 00000274

Symbol: IntDefaultHandler
   Definitions
      At line 297 in file Startup.s
   Uses
      At line 97 in file Startup.s
      At line 98 in file Startup.s
      At line 99 in file Startup.s
      At line 104 in file Startup.s
      At line 105 in file Startup.s
      At line 107 in file Startup.s
      At line 112 in file Startup.s
      At line 113 in file Startup.s
      At line 114 in file Startup.s
      At line 115 in file Startup.s
      At line 116 in file Startup.s
      At line 117 in file Startup.s
      At line 118 in file Startup.s
      At line 119 in file Startup.s
      At line 120 in file Startup.s
      At line 121 in file Startup.s
      At line 122 in file Startup.s
      At line 123 in file Startup.s
      At line 124 in file Startup.s
      At line 125 in file Startup.s
      At line 126 in file Startup.s
      At line 127 in file Startup.s
      At line 128 in file Startup.s
      At line 129 in file Startup.s
      At line 130 in file Startup.s
      At line 132 in file Startup.s
      At line 133 in file Startup.s
      At line 134 in file Startup.s
      At line 135 in file Startup.s
      At line 136 in file Startup.s
      At line 137 in file Startup.s
      At line 138 in file Startup.s
      At line 139 in file Startup.s
      At line 140 in file Startup.s
      At line 141 in file Startup.s
      At line 142 in file Startup.s
      At line 143 in file Startup.s
      At line 144 in file Startup.s
      At line 146 in file Startup.s
      At line 147 in file Startup.s
      At line 148 in file Startup.s
      At line 149 in file Startup.s
      At line 150 in file Startup.s
      At line 151 in file Startup.s



ARM Macro Assembler    Page 2 Alphabetic symbol ordering
Relocatable symbols

      At line 152 in file Startup.s
      At line 153 in file Startup.s
      At line 155 in file Startup.s
      At line 156 in file Startup.s
      At line 157 in file Startup.s
      At line 158 in file Startup.s
      At line 159 in file Startup.s
      At line 160 in file Startup.s
      At line 161 in file Startup.s
      At line 162 in file Startup.s
      At line 163 in file Startup.s
      At line 166 in file Startup.s
      At line 167 in file Startup.s
      At line 168 in file Startup.s
      At line 169 in file Startup.s
      At line 170 in file Startup.s
      At line 171 in file Startup.s
      At line 172 in file Startup.s
      At line 174 in file Startup.s
      At line 175 in file Startup.s
      At line 180 in file Startup.s
      At line 181 in file Startup.s
      At line 182 in file Startup.s
      At line 183 in file Startup.s
      At line 204 in file Startup.s
      At line 205 in file Startup.s
      At line 206 in file Startup.s
      At line 207 in file Startup.s
      At line 208 in file Startup.s
      At line 209 in file Startup.s
      At line 210 in file Startup.s
      At line 211 in file Startup.s
      At line 212 in file Startup.s
      At line 213 in file Startup.s
      At line 214 in file Startup.s
      At line 215 in file Startup.s
      At line 216 in file Startup.s
      At line 217 in file Startup.s
      At line 218 in file Startup.s
      At line 221 in file Startup.s
      At line 222 in file Startup.s
      At line 223 in file Startup.s
      At line 224 in file Startup.s
      At line 225 in file Startup.s
      At line 228 in file Startup.s
      At line 229 in file Startup.s
      At line 230 in file Startup.s
      At line 231 in file Startup.s
      At line 232 in file Startup.s
      At line 233 in file Startup.s
      At line 234 in file Startup.s
      At line 235 in file Startup.s
      At line 236 in file Startup.s
      At line 237 in file Startup.s
      At line 238 in file Startup.s
      At line 239 in file Startup.s
      At line 240 in file Startup.s
      At line 241 in file Startup.s
      At line 242 in file Startup.s



ARM Macro Assembler    Page 3 Alphabetic symbol ordering
Relocatable symbols

      At line 243 in file Startup.s
      At line 244 in file Startup.s
      At line 245 in file Startup.s
      At line 246 in file Startup.s
      At line 247 in file Startup.s
      At line 248 in file Startup.s
      At line 249 in file Startup.s
      At line 250 in file Startup.s
      At line 298 in file Startup.s

NmiSR 00000270

Symbol: NmiSR
   Definitions
      At line 277 in file Startup.s
   Uses
      At line 95 in file Startup.s
      At line 278 in file Startup.s

RESET 00000000

Symbol: RESET
   Definitions
      At line 73 in file Startup.s
   Uses
      None
Comment: RESET unused
Reset_Handler 0000026C

Symbol: Reset_Handler
   Definitions
      At line 261 in file Startup.s
   Uses
      At line 94 in file Startup.s
      At line 260 in file Startup.s

__Vectors 00000000

Symbol: __Vectors
   Definitions
      At line 93 in file Startup.s
   Uses
      At line 92 in file Startup.s
Comment: __Vectors used once
__Vectors_End 0000026C

Symbol: __Vectors_End
   Definitions
      At line 252 in file Startup.s
   Uses
      None
Comment: __Vectors_End unused
7 symbols



ARM Macro Assembler    Page 1 Alphabetic symbol ordering
Relocatable symbols

.text 00000000

Symbol: .text
   Definitions
      At line 312 in file Startup.s
   Uses
      None
Comment: .text unused
DisableInterrupts 00000000

Symbol: DisableInterrupts
   Definitions
      At line 330 in file Startup.s
   Uses
      At line 320 in file Startup.s
Comment: DisableInterrupts used once
EnableInterrupts 00000004

Symbol: EnableInterrupts
   Definitions
      At line 338 in file Startup.s
   Uses
      At line 321 in file Startup.s
Comment: EnableInterrupts used once
EndCritical 00000010

Symbol: EndCritical
   Definitions
      At line 355 in file Startup.s
   Uses
      At line 323 in file Startup.s
Comment: EndCritical used once
StartCritical 00000008

Symbol: StartCritical
   Definitions
      At line 346 in file Startup.s
   Uses
      At line 322 in file Startup.s
Comment: StartCritical used once
WaitForInterrupt 00000016

Symbol: WaitForInterrupt
   Definitions
      At line 363 in file Startup.s
   Uses
      At line 324 in file Startup.s
Comment: WaitForInterrupt used once
getHeapBase 0000001A

Symbol: getHeapBase
   Definitions
      At line 374 in file Startup.s
   Uses
      At line 367 in file Startup.s
Comment: getHeapBase used once
getHeapSize 00000024

Symbol: getHeapSize



ARM Macro Assembler    Page 2 Alphabetic symbol ordering
Relocatable symbols

   Definitions
      At line 381 in file Startup.s
   Uses
      At line 369 in file Startup.s
Comment: getHeapSize used once
getStackBase 0000003A

Symbol: getStackBase
   Definitions
      At line 390 in file Startup.s
   Uses
      At line 368 in file Startup.s
Comment: getStackBase used once
9 symbols



ARM Macro Assembler    Page 1 Alphabetic symbol ordering
Absolute symbols

Heap 00001000

Symbol: Heap
   Definitions
      At line 38 in file Startup.s
   Uses
      At line 58 in file Startup.s
Comment: Heap used once
Stack 00001000

Symbol: Stack
   Definitions
      At line 31 in file Startup.s
   Uses
      At line 47 in file Startup.s
Comment: Stack used once
2 symbols



ARM Macro Assembler    Page 1 Alphabetic symbol ordering
External symbols

SYSTICKIntHandler 00000000

Symbol: SYSTICKIntHandler
   Definitions
      At line 83 in file Startup.s
   Uses
      At line 108 in file Startup.s
Comment: SYSTICKIntHandler used once
TIMERAIntHandler 00000000

Symbol: TIMERAIntHandler
   Definitions
      At line 82 in file Startup.s
   Uses
      At line 131 in file Startup.s
Comment: TIMERAIntHandler used once
UART2IntHandler 00000000

Symbol: UART2IntHandler
   Definitions
      At line 84 in file Startup.s
   Uses
      At line 145 in file Startup.s
Comment: UART2IntHandler used once
UART5IntHandler 00000000

Symbol: UART5IntHandler
   Definitions
      At line 85 in file Startup.s
   Uses
      At line 173 in file Startup.s
Comment: UART5IntHandler used once
__main 00000000

Symbol: __main
   Definitions
      At line 267 in file Startup.s
   Uses
      At line 268 in file Startup.s
Comment: __main used once
5 symbols
362 symbols in table
